Determining if the pthread_create exist failed with the following output:
Change Dir: /root/ros_catkin_ws/build_isolated/roslib/CMakeFiles/CMakeTmp

Run Build Command:"/usr/bin/make" "cmTC_e23f5/fast"
/usr/bin/make -f CMakeFiles/cmTC_e23f5.dir/build.make CMakeFiles/cmTC_e23f5.dir/build
make[1]: Entering directory `/root/ros_catkin_ws/build_isolated/roslib/CMakeFiles/CMakeTmp'
Building C object CMakeFiles/cmTC_e23f5.dir/CheckSymbolExists.c.o
/usr/bin/cc    -o CMakeFiles/cmTC_e23f5.dir/CheckSymbolExists.c.o   -c /root/ros_catkin_ws/build_isolated/roslib/CMakeFiles/CMakeTmp/CheckSymbolExists.c
Linking C executable cmTC_e23f5
/usr/local/bin/cmake -E cmake_link_script CMakeFiles/cmTC_e23f5.dir/link.txt --verbose=1
/usr/bin/cc      -rdynamic CMakeFiles/cmTC_e23f5.dir/CheckSymbolExists.c.o  -o cmTC_e23f5 
CMakeFiles/cmTC_e23f5.dir/CheckSymbolExists.c.o: In function `main':
CheckSymbolExists.c:(.text+0xe): undefined reference to `pthread_create'
CheckSymbolExists.c:(.text+0x12): undefined reference to `pthread_create'
collect2: error: ld returned 1 exit status
make[1]: *** [cmTC_e23f5] Error 1
make[1]: Leaving directory `/root/ros_catkin_ws/build_isolated/roslib/CMakeFiles/CMakeTmp'
make: *** [cmTC_e23f5/fast] Error 2

File /root/ros_catkin_ws/build_isolated/roslib/CMakeFiles/CMakeTmp/CheckSymbolExists.c:
/* */
#include <pthread.h>

int main(int argc, char** argv)
{
  (void)argv;
#ifndef pthread_create
  return ((int*)(&pthread_create))[argc];
#else
  (void)argc;
  return 0;
#endif
}

Determining if the function pthread_create exists in the pthreads failed with the following output:
Change Dir: /root/ros_catkin_ws/build_isolated/roslib/CMakeFiles/CMakeTmp

Run Build Command:"/usr/bin/make" "cmTC_10021/fast"
/usr/bin/make -f CMakeFiles/cmTC_10021.dir/build.make CMakeFiles/cmTC_10021.dir/build
make[1]: Entering directory `/root/ros_catkin_ws/build_isolated/roslib/CMakeFiles/CMakeTmp'
Building C object CMakeFiles/cmTC_10021.dir/CheckFunctionExists.c.o
/usr/bin/cc   -DCHECK_FUNCTION_EXISTS=pthread_create   -o CMakeFiles/cmTC_10021.dir/CheckFunctionExists.c.o   -c /usr/local/share/cmake-3.8/Modules/CheckFunctionExists.c
Linking C executable cmTC_10021
/usr/local/bin/cmake -E cmake_link_script CMakeFiles/cmTC_10021.dir/link.txt --verbose=1
/usr/bin/cc  -DCHECK_FUNCTION_EXISTS=pthread_create    -rdynamic CMakeFiles/cmTC_10021.dir/CheckFunctionExists.c.o  -o cmTC_10021 -lpthreads 
/usr/bin/ld: cannot find -lpthreads
collect2: error: ld returned 1 exit status
make[1]: *** [cmTC_10021] Error 1
make[1]: Leaving directory `/root/ros_catkin_ws/build_isolated/roslib/CMakeFiles/CMakeTmp'
make: *** [cmTC_10021/fast] Error 2


