Determining if the pthread_create exist failed with the following output:
Change Dir: /root/ros_catkin_ws/build_isolated/roscpp/CMakeFiles/CMakeTmp

Run Build Command:"/usr/bin/make" "cmTC_c94c2/fast"
/usr/bin/make -f CMakeFiles/cmTC_c94c2.dir/build.make CMakeFiles/cmTC_c94c2.dir/build
make[1]: Entering directory `/root/ros_catkin_ws/build_isolated/roscpp/CMakeFiles/CMakeTmp'
Building C object CMakeFiles/cmTC_c94c2.dir/CheckSymbolExists.c.o
/usr/bin/cc    -o CMakeFiles/cmTC_c94c2.dir/CheckSymbolExists.c.o   -c /root/ros_catkin_ws/build_isolated/roscpp/CMakeFiles/CMakeTmp/CheckSymbolExists.c
Linking C executable cmTC_c94c2
/usr/local/bin/cmake -E cmake_link_script CMakeFiles/cmTC_c94c2.dir/link.txt --verbose=1
/usr/bin/cc      -rdynamic CMakeFiles/cmTC_c94c2.dir/CheckSymbolExists.c.o  -o cmTC_c94c2 
CMakeFiles/cmTC_c94c2.dir/CheckSymbolExists.c.o: In function `main':
CheckSymbolExists.c:(.text+0xe): undefined reference to `pthread_create'
CheckSymbolExists.c:(.text+0x12): undefined reference to `pthread_create'
collect2: error: ld returned 1 exit status
make[1]: *** [cmTC_c94c2] Error 1
make[1]: Leaving directory `/root/ros_catkin_ws/build_isolated/roscpp/CMakeFiles/CMakeTmp'
make: *** [cmTC_c94c2/fast] Error 2

File /root/ros_catkin_ws/build_isolated/roscpp/CMakeFiles/CMakeTmp/CheckSymbolExists.c:
/* */
#include <pthread.h>

int main(int argc, char** argv)
{
  (void)argv;
#ifndef pthread_create
  return ((int*)(&pthread_create))[argc];
#else
  (void)argc;
  return 0;
#endif
}

Determining if the function pthread_create exists in the pthreads failed with the following output:
Change Dir: /root/ros_catkin_ws/build_isolated/roscpp/CMakeFiles/CMakeTmp

Run Build Command:"/usr/bin/make" "cmTC_04457/fast"
/usr/bin/make -f CMakeFiles/cmTC_04457.dir/build.make CMakeFiles/cmTC_04457.dir/build
make[1]: Entering directory `/root/ros_catkin_ws/build_isolated/roscpp/CMakeFiles/CMakeTmp'
Building C object CMakeFiles/cmTC_04457.dir/CheckFunctionExists.c.o
/usr/bin/cc   -DCHECK_FUNCTION_EXISTS=pthread_create   -o CMakeFiles/cmTC_04457.dir/CheckFunctionExists.c.o   -c /usr/local/share/cmake-3.8/Modules/CheckFunctionExists.c
Linking C executable cmTC_04457
/usr/local/bin/cmake -E cmake_link_script CMakeFiles/cmTC_04457.dir/link.txt --verbose=1
/usr/bin/cc  -DCHECK_FUNCTION_EXISTS=pthread_create    -rdynamic CMakeFiles/cmTC_04457.dir/CheckFunctionExists.c.o  -o cmTC_04457 -lpthreads 
/usr/bin/ld: cannot find -lpthreads
collect2: error: ld returned 1 exit status
make[1]: *** [cmTC_04457] Error 1
make[1]: Leaving directory `/root/ros_catkin_ws/build_isolated/roscpp/CMakeFiles/CMakeTmp'
make: *** [cmTC_04457/fast] Error 2


Determining if the function trunc exists failed with the following output:
Change Dir: /root/ros_catkin_ws/build_isolated/roscpp/CMakeFiles/CMakeTmp

Run Build Command:"/usr/bin/make" "cmTC_4ca9d/fast"
/usr/bin/make -f CMakeFiles/cmTC_4ca9d.dir/build.make CMakeFiles/cmTC_4ca9d.dir/build
make[1]: Entering directory `/root/ros_catkin_ws/build_isolated/roscpp/CMakeFiles/CMakeTmp'
Building C object CMakeFiles/cmTC_4ca9d.dir/CheckFunctionExists.c.o
/usr/bin/cc   -DCHECK_FUNCTION_EXISTS=trunc   -o CMakeFiles/cmTC_4ca9d.dir/CheckFunctionExists.c.o   -c /usr/local/share/cmake-3.8/Modules/CheckFunctionExists.c
/usr/local/share/cmake-3.8/Modules/CheckFunctionExists.c:7:3: warning: conflicting types for built-in function 'trunc' [enabled by default]
Linking C executable cmTC_4ca9d
/usr/local/bin/cmake -E cmake_link_script CMakeFiles/cmTC_4ca9d.dir/link.txt --verbose=1
/usr/bin/cc  -DCHECK_FUNCTION_EXISTS=trunc    -rdynamic CMakeFiles/cmTC_4ca9d.dir/CheckFunctionExists.c.o  -o cmTC_4ca9d 
CMakeFiles/cmTC_4ca9d.dir/CheckFunctionExists.c.o: In function `main':
CheckFunctionExists.c:(.text+0xa): undefined reference to `trunc'
collect2: error: ld returned 1 exit status
make[1]: *** [cmTC_4ca9d] Error 1
make[1]: Leaving directory `/root/ros_catkin_ws/build_isolated/roscpp/CMakeFiles/CMakeTmp'
make: *** [cmTC_4ca9d/fast] Error 2


