Determining if the pthread_create exist failed with the following output:
Change Dir: /root/ros_catkin_ws/build_isolated/rosconsole/CMakeFiles/CMakeTmp

Run Build Command:"/usr/bin/make" "cmTC_e1ade/fast"
/usr/bin/make -f CMakeFiles/cmTC_e1ade.dir/build.make CMakeFiles/cmTC_e1ade.dir/build
make[1]: Entering directory `/root/ros_catkin_ws/build_isolated/rosconsole/CMakeFiles/CMakeTmp'
Building C object CMakeFiles/cmTC_e1ade.dir/CheckSymbolExists.c.o
/usr/bin/cc    -o CMakeFiles/cmTC_e1ade.dir/CheckSymbolExists.c.o   -c /root/ros_catkin_ws/build_isolated/rosconsole/CMakeFiles/CMakeTmp/CheckSymbolExists.c
Linking C executable cmTC_e1ade
/usr/local/bin/cmake -E cmake_link_script CMakeFiles/cmTC_e1ade.dir/link.txt --verbose=1
/usr/bin/cc      -rdynamic CMakeFiles/cmTC_e1ade.dir/CheckSymbolExists.c.o  -o cmTC_e1ade 
CMakeFiles/cmTC_e1ade.dir/CheckSymbolExists.c.o: In function `main':
CheckSymbolExists.c:(.text+0xe): undefined reference to `pthread_create'
CheckSymbolExists.c:(.text+0x12): undefined reference to `pthread_create'
collect2: error: ld returned 1 exit status
make[1]: *** [cmTC_e1ade] Error 1
make[1]: Leaving directory `/root/ros_catkin_ws/build_isolated/rosconsole/CMakeFiles/CMakeTmp'
make: *** [cmTC_e1ade/fast] Error 2

File /root/ros_catkin_ws/build_isolated/rosconsole/CMakeFiles/CMakeTmp/CheckSymbolExists.c:
/* */
#include <pthread.h>

int main(int argc, char** argv)
{
  (void)argv;
#ifndef pthread_create
  return ((int*)(&pthread_create))[argc];
#else
  (void)argc;
  return 0;
#endif
}

Determining if the function pthread_create exists in the pthreads failed with the following output:
Change Dir: /root/ros_catkin_ws/build_isolated/rosconsole/CMakeFiles/CMakeTmp

Run Build Command:"/usr/bin/make" "cmTC_5bdaa/fast"
/usr/bin/make -f CMakeFiles/cmTC_5bdaa.dir/build.make CMakeFiles/cmTC_5bdaa.dir/build
make[1]: Entering directory `/root/ros_catkin_ws/build_isolated/rosconsole/CMakeFiles/CMakeTmp'
Building C object CMakeFiles/cmTC_5bdaa.dir/CheckFunctionExists.c.o
/usr/bin/cc   -DCHECK_FUNCTION_EXISTS=pthread_create   -o CMakeFiles/cmTC_5bdaa.dir/CheckFunctionExists.c.o   -c /usr/local/share/cmake-3.8/Modules/CheckFunctionExists.c
Linking C executable cmTC_5bdaa
/usr/local/bin/cmake -E cmake_link_script CMakeFiles/cmTC_5bdaa.dir/link.txt --verbose=1
/usr/bin/cc  -DCHECK_FUNCTION_EXISTS=pthread_create    -rdynamic CMakeFiles/cmTC_5bdaa.dir/CheckFunctionExists.c.o  -o cmTC_5bdaa -lpthreads 
/usr/bin/ld: cannot find -lpthreads
collect2: error: ld returned 1 exit status
make[1]: *** [cmTC_5bdaa] Error 1
make[1]: Leaving directory `/root/ros_catkin_ws/build_isolated/rosconsole/CMakeFiles/CMakeTmp'
make: *** [cmTC_5bdaa/fast] Error 2


