Determining if the pthread_create exist failed with the following output:
Change Dir: /root/ros_catkin_ws/build_isolated/cpp_common/CMakeFiles/CMakeTmp

Run Build Command:"/usr/bin/make" "cmTC_32a5a/fast"
/usr/bin/make -f CMakeFiles/cmTC_32a5a.dir/build.make CMakeFiles/cmTC_32a5a.dir/build
make[1]: Entering directory `/root/ros_catkin_ws/build_isolated/cpp_common/CMakeFiles/CMakeTmp'
Building C object CMakeFiles/cmTC_32a5a.dir/CheckSymbolExists.c.o
/usr/bin/cc    -o CMakeFiles/cmTC_32a5a.dir/CheckSymbolExists.c.o   -c /root/ros_catkin_ws/build_isolated/cpp_common/CMakeFiles/CMakeTmp/CheckSymbolExists.c
Linking C executable cmTC_32a5a
/usr/local/bin/cmake -E cmake_link_script CMakeFiles/cmTC_32a5a.dir/link.txt --verbose=1
/usr/bin/cc      -rdynamic CMakeFiles/cmTC_32a5a.dir/CheckSymbolExists.c.o  -o cmTC_32a5a 
CMakeFiles/cmTC_32a5a.dir/CheckSymbolExists.c.o: In function `main':
CheckSymbolExists.c:(.text+0xe): undefined reference to `pthread_create'
CheckSymbolExists.c:(.text+0x12): undefined reference to `pthread_create'
collect2: error: ld returned 1 exit status
make[1]: *** [cmTC_32a5a] Error 1
make[1]: Leaving directory `/root/ros_catkin_ws/build_isolated/cpp_common/CMakeFiles/CMakeTmp'
make: *** [cmTC_32a5a/fast] Error 2

File /root/ros_catkin_ws/build_isolated/cpp_common/CMakeFiles/CMakeTmp/CheckSymbolExists.c:
/* */
#include <pthread.h>

int main(int argc, char** argv)
{
  (void)argv;
#ifndef pthread_create
  return ((int*)(&pthread_create))[argc];
#else
  (void)argc;
  return 0;
#endif
}

Determining if the function pthread_create exists in the pthreads failed with the following output:
Change Dir: /root/ros_catkin_ws/build_isolated/cpp_common/CMakeFiles/CMakeTmp

Run Build Command:"/usr/bin/make" "cmTC_fbfed/fast"
/usr/bin/make -f CMakeFiles/cmTC_fbfed.dir/build.make CMakeFiles/cmTC_fbfed.dir/build
make[1]: Entering directory `/root/ros_catkin_ws/build_isolated/cpp_common/CMakeFiles/CMakeTmp'
Building C object CMakeFiles/cmTC_fbfed.dir/CheckFunctionExists.c.o
/usr/bin/cc   -DCHECK_FUNCTION_EXISTS=pthread_create   -o CMakeFiles/cmTC_fbfed.dir/CheckFunctionExists.c.o   -c /usr/local/share/cmake-3.8/Modules/CheckFunctionExists.c
Linking C executable cmTC_fbfed
/usr/local/bin/cmake -E cmake_link_script CMakeFiles/cmTC_fbfed.dir/link.txt --verbose=1
/usr/bin/cc  -DCHECK_FUNCTION_EXISTS=pthread_create    -rdynamic CMakeFiles/cmTC_fbfed.dir/CheckFunctionExists.c.o  -o cmTC_fbfed -lpthreads 
/usr/bin/ld: cannot find -lpthreads
collect2: error: ld returned 1 exit status
make[1]: *** [cmTC_fbfed] Error 1
make[1]: Leaving directory `/root/ros_catkin_ws/build_isolated/cpp_common/CMakeFiles/CMakeTmp'
make: *** [cmTC_fbfed/fast] Error 2


Performing C++ SOURCE FILE Test HAVE_CXXABI_H failed with the following output:
Change Dir: /root/ros_catkin_ws/build_isolated/cpp_common/CMakeFiles/CMakeTmp

Run Build Command:"/usr/bin/make" "cmTC_d1373/fast"
/usr/bin/make -f CMakeFiles/cmTC_d1373.dir/build.make CMakeFiles/cmTC_d1373.dir/build
make[1]: Entering directory `/root/ros_catkin_ws/build_isolated/cpp_common/CMakeFiles/CMakeTmp'
Building CXX object CMakeFiles/cmTC_d1373.dir/src.cxx.o
/usr/bin/c++    -DHAVE_CXXABI_H   -o CMakeFiles/cmTC_d1373.dir/src.cxx.o -c /root/ros_catkin_ws/build_isolated/cpp_common/CMakeFiles/CMakeTmp/src.cxx
/root/ros_catkin_ws/build_isolated/cpp_common/CMakeFiles/CMakeTmp/src.cxx:2:8: error: expected constructor, destructor, or type conversion before '(' token
make[1]: *** [CMakeFiles/cmTC_d1373.dir/src.cxx.o] Error 1
make[1]: Leaving directory `/root/ros_catkin_ws/build_isolated/cpp_common/CMakeFiles/CMakeTmp'
make: *** [cmTC_d1373/fast] Error 2

Source file was:
#include<cxxabi.h>
intmain(intargc,char**argv){}
